2024-10-24 07:13:07,615 - INFO - Initializing database connection
2024-10-24 07:13:07,617 - INFO - Database connection established
2024-10-24 07:13:07,633 - INFO - Database tables created/verified
2024-10-24 07:13:07,634 - INFO - CNN Scraper initialized
2024-10-24 07:13:07,941 - INFO - Menu created
2024-10-24 07:13:08,195 - INFO - Retrieved 0 recent articles
2024-10-24 07:13:08,195 - INFO - Loaded 0 articles from database
2024-10-24 07:13:08,196 - INFO - GUI widgets created
2024-10-24 07:13:08,197 - INFO - Starting to scrape CNN news...
2024-10-24 07:13:08,197 - INFO - Scraper thread started
2024-10-24 07:13:08,198 - INFO - Fetching links from https://www.cnn.com/world
2024-10-24 07:13:08,200 - INFO - Status update: Starting to scrape CNN news...
2024-10-24 07:13:08,202 - INFO - Status update: Checking /world section...
2024-10-24 07:13:10,334 - INFO - Fetching links from https://www.cnn.com/politics
2024-10-24 07:13:10,480 - INFO - Status update: Checking /politics section...
2024-10-24 07:13:11,743 - INFO - Fetching links from https://www.cnn.com/business
2024-10-24 07:13:11,822 - INFO - Status update: Checking /business section...
2024-10-24 07:13:13,736 - INFO - Fetching links from https://www.cnn.com/health
2024-10-24 07:13:13,837 - INFO - Status update: Checking /health section...
2024-10-24 07:13:15,067 - INFO - Total unique links found: 129
2024-10-24 07:13:15,070 - INFO - Found 129 articles to scrape
2024-10-24 07:13:15,071 - INFO - Scraping article 1/129...
2024-10-24 07:13:15,147 - INFO - Status update: Found 129 articles to scrape
2024-10-24 07:13:15,148 - INFO - Status update: Scraping article 1/129...
2024-10-24 07:13:17,828 - INFO - Scraping article: https://www.cnn.com/2024/10/22/politics/service-members-injured-isis-raid-iraq/index.html
2024-10-24 07:13:18,839 - INFO - Found title: Two US service members injured in raid that killed...
2024-10-24 07:13:18,946 - INFO - Content length: 4040 characters
2024-10-24 07:13:18,947 - INFO - Successfully scraped article: Two US service members injured in raid that killed...
2024-10-24 07:13:18,964 - INFO - Saved article: Two US service members injured in raid that killed...
2024-10-24 07:13:18,964 - INFO - Article saved: Two US service members injured in raid that killed...
2024-10-24 07:13:18,965 - INFO - Scraping article 2/129...
2024-10-24 07:13:19,055 - INFO - Status update: Scraping article 2/129...
2024-10-24 07:13:20,261 - INFO - Displaying article: Two US service members injured in raid that killed...
2024-10-24 07:13:22,493 - INFO - Scraping article: https://www.cnn.com/videos/health/2023/01/03/choosing-weights-dumbbell-workout-lbb-orig.cnn
2024-10-24 07:13:23,678 - INFO - Found title: You’re not weak. You’re just using the wrong weigh...
2024-10-24 07:13:24,333 - INFO - Content length: 0 characters
2024-10-24 07:13:24,334 - WARNING - Incomplete article - Title exists: True, Content exists: False
2024-10-24 07:13:24,335 - INFO - Scraping article 3/129...
2024-10-24 07:13:24,376 - INFO - Status update: Scraping article 3/129...
2024-10-24 07:13:28,183 - INFO - Scraping article: https://www.cnn.com/2024/10/21/health/infant-deaths-increase-post-dobbs-abortion-bans/index.html
2024-10-24 07:13:29,218 - INFO - Found title: Infants died at higher rates after abortion bans i...
2024-10-24 07:13:29,327 - INFO - Content length: 4546 characters
2024-10-24 07:13:29,327 - INFO - Successfully scraped article: Infants died at higher rates after abortion bans i...
2024-10-24 07:13:29,345 - INFO - Saved article: Infants died at higher rates after abortion bans i...
2024-10-24 07:13:29,345 - INFO - Article saved: Infants died at higher rates after abortion bans i...
2024-10-24 07:13:29,346 - INFO - Scraping article 4/129...
2024-10-24 07:13:29,386 - INFO - Status update: Scraping article 4/129...
2024-10-24 07:13:31,949 - INFO - Scraping article: https://www.cnn.com/2021/09/12/health/five-stages-of-grief-kubler-ross-meaning-wellness/index.html
2024-10-24 07:13:33,038 - INFO - Found title: What the 5 stages of grief are, and how to get thr...
2024-10-24 07:13:33,163 - INFO - Content length: 9255 characters
2024-10-24 07:13:33,164 - INFO - Successfully scraped article: What the 5 stages of grief are, and how to get thr...
2024-10-24 07:13:33,184 - INFO - Saved article: What the 5 stages of grief are, and how to get thr...
2024-10-24 07:13:33,185 - INFO - Article saved: What the 5 stages of grief are, and how to get thr...
2024-10-24 07:13:33,185 - INFO - Scraping article 5/129...
2024-10-24 07:13:33,220 - INFO - Status update: Scraping article 5/129...
2024-10-24 07:13:37,064 - INFO - Scraping article: https://www.cnn.com/2024/10/23/business/world-series-ticket-prices-yankees-dodgers/index.html
2024-10-24 07:13:38,572 - INFO - Found title: Tickets for this year’s World Series are the most ...
2024-10-24 07:13:38,697 - INFO - Content length: 2219 characters
2024-10-24 07:13:38,699 - INFO - Successfully scraped article: Tickets for this year’s World Series are the most ...
2024-10-24 07:13:38,720 - INFO - Saved article: Tickets for this year’s World Series are the most ...
2024-10-24 07:13:38,721 - INFO - Article saved: Tickets for this year’s World Series are the most ...
2024-10-24 07:13:38,722 - INFO - Scraping article 6/129...
2024-10-24 07:13:38,769 - INFO - Status update: Scraping article 6/129...
2024-10-24 07:13:41,373 - INFO - Scraping article: https://www.cnn.com/2024/10/21/politics/trump-wild-lewd-rhetoric-analysis/index.html
2024-10-24 07:13:43,462 - INFO - Found title: Trump’s wild and lewd rhetoric reaches a new extre...
2024-10-24 07:13:43,619 - INFO - Content length: 10702 characters
2024-10-24 07:13:43,620 - INFO - Successfully scraped article: Trump’s wild and lewd rhetoric reaches a new extre...
2024-10-24 07:13:43,623 - INFO - News list window opened
2024-10-24 07:13:43,641 - INFO - Saved article: Trump’s wild and lewd rhetoric reaches a new extre...
2024-10-24 07:13:43,642 - INFO - Article saved: Trump’s wild and lewd rhetoric reaches a new extre...
2024-10-24 07:13:43,643 - INFO - Scraping article 7/129...
2024-10-24 07:13:43,662 - INFO - Status update: Scraping article 7/129...
2024-10-24 07:13:45,178 - INFO - Displaying article: Tickets for this year’s World Series are the most ...
2024-10-24 07:13:45,963 - INFO - Scraping article: https://www.cnn.com/2024/10/21/world/video/taiwan-response-china-drills-digvid
2024-10-24 07:13:46,885 - INFO - Displaying article: Trump’s wild and lewd rhetoric reaches a new extre...
2024-10-24 07:13:47,100 - INFO - Found title: See how Taiwan is responding after China encircled...
2024-10-24 07:13:47,709 - INFO - Content length: 0 characters
2024-10-24 07:13:47,710 - WARNING - Incomplete article - Title exists: True, Content exists: False
2024-10-24 07:13:47,711 - INFO - Scraping article 8/129...
2024-10-24 07:13:47,729 - INFO - Status update: Scraping article 8/129...
2024-10-24 07:13:49,428 - INFO - Displaying article: Tickets for this year’s World Series are the most ...
2024-10-24 07:13:49,725 - INFO - Scraping article: https://www.cnn.com/politics/election-2024-key-dates-dg/index.html
2024-10-24 07:13:49,833 - INFO - Displaying article: What the 5 stages of grief are, and how to get thr...
2024-10-24 07:13:50,112 - INFO - Displaying article: Infants died at higher rates after abortion bans i...
2024-10-24 07:13:50,269 - INFO - Displaying article: Two US service members injured in raid that killed...
2024-10-24 07:13:50,758 - INFO - Found title: What to expect in the sprint to Election Day – and...
2024-10-24 07:13:50,868 - INFO - Content length: 3795 characters
2024-10-24 07:13:50,869 - INFO - Successfully scraped article: What to expect in the sprint to Election Day – and...
2024-10-24 07:13:50,889 - INFO - Saved article: What to expect in the sprint to Election Day – and...
2024-10-24 07:13:50,889 - INFO - Article saved: What to expect in the sprint to Election Day – and...
2024-10-24 07:13:50,890 - INFO - Scraping article 9/129...
2024-10-24 07:13:50,974 - INFO - Status update: Scraping article 9/129...
2024-10-24 07:13:51,487 - INFO - Displaying article: What the 5 stages of grief are, and how to get thr...
2024-10-24 07:13:51,771 - INFO - Displaying article: Infants died at higher rates after abortion bans i...
2024-10-24 07:13:53,540 - INFO - Scraping article: https://www.cnn.com/2024/10/22/politics/changing-electorate-trump-harris-analysis/index.html
2024-10-24 07:13:54,553 - INFO - Found title: The electorate is changing. Here’s what that means...
2024-10-24 07:13:54,661 - INFO - Content length: 18930 characters
2024-10-24 07:13:54,662 - INFO - Successfully scraped article: The electorate is changing. Here’s what that means...
2024-10-24 07:13:54,681 - INFO - Saved article: The electorate is changing. Here’s what that means...
2024-10-24 07:13:54,682 - INFO - Article saved: The electorate is changing. Here’s what that means...
2024-10-24 07:13:54,683 - INFO - Scraping article 10/129...
